2023-04-10 13:12:59,883 INFO [login] uzivatel: a login
2023-04-10 13:13:08,268 INFO [Start_insert] uzivatel: 5 insert
2023-04-10 13:13:50,794 INFO [Data_handeler] vložení x 1 dokonèeno 
2023-04-10 14:15:15,077 INFO [login] uzivatel: a login
2023-04-10 14:15:17,543 INFO [Start_insert] uzivatel: 5 insert
2023-04-10 14:15:35,153 INFO [Data_handeler] vložení x 1 dokonèeno 
2023-04-10 14:32:56,303 INFO [login] uzivatel: a login
2023-04-10 14:33:43,115 INFO [login] uzivatel: a se pokusil pøihlásit ale nepodaøilo se 
2023-04-10 14:33:45,652 INFO [login] uzivatel: a se pokusil pøihlásit ale nepodaøilo se 
2023-04-10 14:33:48,343 INFO [login] uzivatel: a se pokusil pøihlásit ale nepodaøilo se 
2023-04-10 14:33:52,257 INFO [login] uzivatel: a se pøihlásil
2023-04-10 14:39:01,959 INFO [login] uzivatel:  se pøihlásil
2023-04-10 14:39:09,278 INFO [login] uzivatel: a se pokusil pøihlásit ale nepodaøilo se 
2023-04-10 14:39:10,934 INFO [login] uzivatel: a se pokusil pøihlásit ale nepodaøilo se 
2023-04-10 14:39:11,256 INFO [login] uzivatel: a se pokusil pøihlásit ale nepodaøilo se 
2023-04-10 14:39:11,437 INFO [login] uzivatel: a se pokusil pøihlásit ale nepodaøilo se 
2023-04-10 14:39:11,640 INFO [login] uzivatel: a se pokusil pøihlásit ale nepodaøilo se 
2023-04-10 14:39:11,808 INFO [login] uzivatel: a se pokusil pøihlásit ale nepodaøilo se 
2023-04-10 14:39:11,997 INFO [login] uzivatel: a se pokusil pøihlásit ale nepodaøilo se 
2023-04-10 14:39:14,367 INFO [login] uzivatel: a se pøihlásil
2023-04-10 14:40:04,010 INFO [login] uzivatel:  se pøihlásil
2023-04-10 14:40:14,752 INFO [login] uzivatel:  se pokusil pøihlásit ale nepodaøilo se 
2023-04-10 14:43:00,588 INFO [login] uzivatel: a se pøihlásil
2023-04-10 14:43:11,797 INFO [login] uzivatel: a se pøihlásil
2023-04-10 14:46:43,776 INFO [login] uzivatel: a se pøihlásil
2023-04-10 14:46:52,908 INFO [start insert] 5 insert
2023-04-10 14:47:46,635 INFO [Data_handeler] vložení x 2 dokonèeno 
2023-04-10 14:47:52,515 INFO [uzivatel] 5exit
2023-04-10 14:48:41,383 INFO [login] uzivatel: a se pøihlásil
2023-04-10 14:53:09,170 INFO [login] uzivatel: a se pøihlásil
2023-04-10 14:54:06,494 INFO [login] uzivatel: a se pøihlásil
2023-04-10 14:55:28,044 INFO [login] uzivatel: a se pøihlásil
2023-04-10 14:55:58,640 INFO [login] uzivatel:  se pøihlásil
2023-04-10 14:57:31,132 INFO [login] uzivatel: a se pøihlásil
2023-04-10 14:59:16,319 INFO [login] uzivatel:  se pøihlásil
2023-04-10 14:59:18,804 INFO [Start_insert] uzivatel: 6 insert
2023-04-10 15:03:40,858 INFO [login] uzivatel: a se pøihlásil
2023-04-10 15:04:23,218 INFO [login] uzivatel: a se pøihlásil
2023-04-10 15:11:21,517 INFO [login] uzivatel: a se pøihlásil
2023-04-10 15:15:39,782 INFO [login] uzivatel: a se pøihlásil
2023-04-10 15:16:45,926 INFO [login] uzivatel: a se pøihlásil
2023-04-10 15:16:55,822 INFO [login] uzivatel:  se pøihlásil
2023-04-10 15:18:25,528 INFO [login] uzivatel: a se pøihlásil
2023-04-10 15:19:08,419 INFO [login] uzivatel: a se pøihlásil
2023-04-10 15:19:38,453 INFO [login] uzivatel: a se pøihlásil
2023-04-10 15:20:22,249 INFO [Data_handeler] Zaèala nová registrace 
2023-04-10 15:20:22,254 INFO [Data_handeler] registrace úspìšnì dokonèena
2023-04-10 15:20:43,833 INFO [Data_handeler] Zaèala nová registrace 
2023-04-10 15:20:43,838 INFO [Data_handeler] registrace úspìšnì dokonèena
2023-04-10 15:20:43,838 INFO [uzivatel  ]  se zaregistroval
2023-04-10 15:20:45,407 INFO [login] uzivatel:  se pøihlásil
2023-04-10 15:20:49,825 INFO [start insert] 10 insert
2023-04-10 15:23:48,993 INFO [login] uzivatel:  se pøihlásil
2023-04-10 15:26:37,706 INFO [login] uzivatel: a se pøihlásil
2023-04-10 15:28:34,452 INFO [login] uzivatel: a se pøihlásil
2023-04-10 15:29:34,691 INFO [start insert] 5 insert
2023-04-10 15:29:54,478 INFO [Data_handeler] vložení x 2 dokonèeno 
2023-04-10 15:30:10,207 INFO [login] uzivatel: a se pøihlásil
2023-04-10 15:32:27,552 INFO [login] uzivatel: a se pøihlásil
2023-04-10 15:39:53,394 INFO [login] uzivatel:  se pøihlásil
2023-04-10 15:40:24,945 INFO [login] uzivatel: a se pøihlásil
2023-04-10 15:40:31,126 INFO [login] uzivatel:  se pøihlásil
2023-04-10 15:41:53,304 INFO [login] uzivatel: a se pøihlásil
2023-04-10 15:45:22,468 INFO [login] uzivatel: a se pøihlásil
2023-04-10 15:51:23,978 INFO [login] uzivatel: a se pøihlásil
2023-04-10 15:52:10,587 INFO [login] uzivatel: a se pøihlásil
2023-04-10 15:52:33,599 INFO [login] uzivatel: a se pøihlásil
2023-04-10 16:04:11,151 INFO [login] uzivatel: a se pøihlásil
2023-04-10 16:07:53,818 INFO [login] uzivatel: a se pøihlásil
2023-04-10 16:14:28,713 INFO [login] uzivatel: a se pøihlásil
2023-04-10 16:15:28,393 INFO [login] uzivatel: a se pøihlásil
2023-04-10 16:15:31,525 INFO [Start_insert] uzivatel: 5 insert
2023-04-10 16:15:47,295 INFO [login] uzivatel:  se pøihlásil
2023-04-10 16:17:08,009 INFO [login] uzivatel: a se pøihlásil
2023-04-10 16:18:36,570 INFO [login] uzivatel: a se pøihlásil
2023-04-10 16:18:55,144 INFO [Start_insert] uzivatel: 5 insert
2023-04-10 16:20:02,356 INFO [login] uzivatel:  se pøihlásil
2023-04-10 16:20:23,496 INFO [login] uzivatel:  se pøihlásil
2023-04-10 16:20:31,677 INFO [Start_insert] uzivatel: 10 insert
2023-04-10 16:20:57,199 INFO [login] uzivatel:  se pøihlásil
2023-04-10 16:20:59,386 INFO [Start_insert] uzivatel: 10 insert
2023-04-10 16:21:06,548 INFO [login] uzivatel:  se pøihlásil
2023-04-10 16:21:32,071 INFO [login] uzivatel:  se pøihlásil
2023-04-10 16:21:44,675 INFO [login] uzivatel:  se pøihlásil
2023-04-10 16:21:54,450 INFO [login] uzivatel:  se pøihlásil
2023-04-11 19:08:51,557 INFO [login] uzivatel: a se pøihlásil
2023-04-11 19:17:24,846 INFO [login] uzivatel: a se pøihlásil
2023-04-11 19:27:00,966 INFO [login] uzivatel: a se pøihlásil
2023-04-11 19:27:33,468 INFO [login] uzivatel: a se pøihlásil
2023-04-11 19:40:41,072 INFO [login] uzivatel: a se pøihlásil
2023-04-11 19:42:28,266 INFO [login] uzivatel: tvoje se pøihlásil
2023-04-11 19:42:48,083 INFO [login] uzivatel: tvoje se pøihlásil
2023-04-11 19:43:23,193 INFO [login] uzivatel:  se pøihlásil
2023-04-11 21:00:46,165 INFO [login] uzivatel: a se pøihlásil
2023-04-11 21:01:38,968 INFO [login] uzivatel:  se pøihlásil
2023-04-11 21:02:32,013 INFO [login] uzivatel:  se pøihlásil
2023-04-11 21:03:34,016 INFO [login] uzivatel:  se pøihlásil
2023-04-11 21:04:12,812 INFO [login] uzivatel:  se pøihlásil
2023-04-11 21:05:20,741 INFO [login] uzivatel:  se pøihlásil
2023-04-11 21:08:31,741 INFO [login] uzivatel:  se pøihlásil
2023-04-11 21:09:07,292 INFO [login] uzivatel:  se pøihlásil
2023-04-11 21:09:21,464 INFO [login] uzivatel:  se pøihlásil
2023-04-11 21:10:51,435 INFO [login] uzivatel:  se pøihlásil
2023-04-11 21:14:05,406 INFO [login] uzivatel:  se pøihlásil
2023-04-11 21:14:58,502 INFO [login] uzivatel:  se pøihlásil
2023-04-11 21:15:20,535 INFO [login] uzivatel:  se pøihlásil
2023-04-11 21:15:58,962 INFO [login] uzivatel:  se pøihlásil
2023-04-11 21:16:28,179 INFO [login] uzivatel:  se pøihlásil
2023-04-11 21:16:42,293 INFO [Start_insert] uzivatel: 11 insert
2023-04-11 21:19:15,270 INFO [login] uzivatel:  se pøihlásil
2023-04-11 21:19:16,570 INFO [Start_insert] uzivatel: 11 insert
2023-04-11 21:21:44,089 INFO [login] uzivatel:  se pøihlásil
2023-04-11 21:21:46,543 INFO [Start_insert] uzivatel: 11 insert
2023-04-11 21:23:08,847 INFO [login] uzivatel:  se pøihlásil
2023-04-11 21:23:12,858 INFO [Start_insert] uzivatel: 11 insert
2023-04-11 21:24:14,613 INFO [login] uzivatel:  se pøihlásil
2023-04-11 21:24:16,755 INFO [Start_insert] uzivatel: 11 insert
2023-04-11 21:24:37,943 INFO [login] uzivatel:  se pøihlásil
2023-04-11 21:24:39,646 INFO [Start_insert] uzivatel: 11 insert
2023-04-11 21:24:56,752 INFO [login] uzivatel:  se pøihlásil
2023-04-11 21:24:58,451 INFO [Start_insert] uzivatel: 11 insert
2023-04-11 21:25:12,827 INFO [login] uzivatel:  se pøihlásil
2023-04-11 21:25:14,234 INFO [Start_insert] uzivatel: 11 insert
2023-04-11 21:26:02,840 INFO [login] uzivatel:  se pøihlásil
2023-04-11 21:26:05,131 INFO [Start_insert] uzivatel: 11 insert
2023-04-11 21:26:26,356 INFO [login] uzivatel:  se pøihlásil
2023-04-11 21:26:28,033 INFO [Start_insert] uzivatel: 11 insert
2023-04-11 21:29:14,217 INFO [login] uzivatel: a se pøihlásil
2023-04-11 21:29:25,078 INFO [Start_insert] uzivatel: 5 insert
 uzivatel: 11 insert
2023-04-11 21:40:25,648 INFO [login] uzivatel:  se pøihlásil
2023-04-11 21:40:31,374 INFO [login] uzivatel:  se pøihlásil
2023-04-11 21:40:34,329 INFO [Start_insert] uzivatel: 11 insert
2023-04-11 21:41:03,064 INFO [login] uzivatel:  se pøihlásil
2023-04-11 21:41:06,147 INFO [Start_insert] uzivatel: 11 insert
2023-04-11 21:41:33,666 INFO [login] uzivatel:  se pøihlásil
2023-04-11 21:41:35,572 INFO [start insert ] 11 insert
2023-04-11 21:41:47,872 INFO [login] uzivatel:  se pøihlásil
2023-04-11 21:42:02,618 INFO [Start_insert] uzivatel: 11 insert
2023-04-11 21:43:11,830 INFO [login] uzivatel:  se pøihlásil
2023-04-11 21:44:04,587 INFO [login] uzivatel:  se pøihlásil
2023-04-11 21:44:31,887 INFO [login] uzivatel:  se pøihlásil
2023-04-11 21:45:52,756 INFO [login] uzivatel:  se pøihlásil
2023-04-11 21:49:02,922 INFO [login] uzivatel:  se pøihlásil
2023-04-11 21:50:04,282 INFO [login] uzivatel:  se pøihlásil
2023-04-11 21:51:59,271 INFO [login] uzivatel:  se pøihlásil
2023-04-11 21:52:28,632 INFO [login] uzivatel:  se pøihlásil
2023-04-11 21:53:32,498 INFO [Start_insert] uzivatel: 11 insert
2023-04-11 21:54:25,796 INFO [login] uzivatel:  se pøihlásil
2023-04-11 21:55:41,283 INFO [login] uzivatel:  se pøihlásil
2023-04-11 21:56:14,802 INFO [login] uzivatel:  se pøihlásil
2023-04-12 07:52:35,921 INFO [login] uzivatel: a se pøihlásil
2023-04-12 07:52:41,265 INFO [Start_insert] uzivatel: 5 insert
2023-04-12 07:58:21,809 INFO [Start_insert] uzivatel: 5 insert
2023-04-12 07:58:33,754 INFO [start insert ] 5 insert
2023-04-12 07:58:57,590 INFO [uzivatel] 5exit
2023-04-12 07:58:59,850 INFO [Start
2023-04-12 09:10:27,243 INFO [login] uzivatel:  se pøihlásil
2023-04-12 09:11:37,147 INFO [login] uzivatel:  se pøihlásil
2023-04-12 09:12:14,193 INFO [login] uzivatel:  se pøihlásil
2023-04-12 09:12:53,880 INFO [login] uzivatel:  se pøihlásil
2023-04-12 09:13:12,453 INFO [login] uzivatel:  se pøihlásil
2023-04-12 09:40:24,541 INFO [login] uzivatel:  se pøihlásil
2023-04-12 09:42:01,275 INFO [start insert ] 11 insert
2023-04-12 09:42:15,806 INFO [uzivatel] 11exit
2023-04-12 09:42:53,757 INFO [start insert ] 11 insert
2023-04-12 09:43:15,693 INFO [uzivatel] 11exit
2023-04-12 09:43:40,450 INFO [login] uzivatel: ivan se pøihlásil
2023-04-12 09:43:42,567 INFO [Start_insert] uzivatel: 12 insert
2023-04-12 09:43:57,989 INFO [Data_handeler] vložení x 1 dokonèeno 
2023-04-12 09:44:18,046 INFO [login] uzivatel: ivan se pøihlásil
2023-04-12 09:44:31,042 INFO [start insert ] 12 insert
2023-04-12 09:45:06,980 INFO [login] uzivatel: a se pøihlásil
2023-04-12 09:45:36,559 INFO [login] uzivatel: a se pøihlásil
2023-04-12 09:45:43,214 INFO [start insert ] 5 insert
2023-04-12 09:46:06,961 INFO [Data_handeler] vložení x 2 dokonèeno 
2023-04-12 09:46:09,330 INFO [uzivatel] 5exit
2023-04-12 09:46:14,933 INFO [start insert ] 5 insert
2023-04-12 09:46:36,773 INFO [Data_handeler] vložení x 2 dokonèeno 
2023-04-12 09:46:48,986 INFO [uzivatel] 5exit
2023-04-12 09:47:36,723 INFO [start insert ] 5 insert
2023-04-12 09:47:54,037 INFO [Data_handeler] vložení x 2 dokonèeno 
2023-04-12 09:47:55,895 INFO [uzivatel] 5exit
2023-04-12 09:49:07,077 INFO [login] uzivatel:  se pøihlásil
2023-04-12 09:49:14,553 INFO [login] uzivatel: a se pøihlásil
2023-04-12 09:50:58,204 INFO [login] uzivatel: a se pøihlásil
2023-04-12 09:51:00,634 INFO [start insert ] 5 insert
2023-04-12 09:51:21,083 INFO [Data_handeler] vložení x 2 dokonèeno 
2023-04-12 09:51:23,905 INFO [uzivatel] 5exit
2023-04-12 10:00:59,528 INFO [login] uzivatel: a se pøihlásil
2023-04-12 10:01:27,820 INFO [Start_insert] uzivatel: 5 insert
2023-04-12 10:01:30,892 INFO [start insert ] 5 insert
2023-04-12 10:02:09,043 INFO [Data_handeler] vložení x 2 dokonèeno 
2023-04-12 10:02:09,777 INFO [uzivatel] 5exit
2023-04-12 10:02:34,759 INFO [start insert ] 5 insert
2023-04-12 10:02:47,400 INFO [Data_handeler] vložení x 2 dokonèeno 
2023-04-12 10:02:55,960 INFO [uzivatel] 5exit
2023-04-12 10:03:44,663 INFO [Data_handeler] Zaèala nová registrace 
2023-04-12 10:03:44,672 INFO [Data_handeler] registrace úspìšnì dokonèena
2023-04-12 10:03:44,673 INFO [uzivatel  ] b se zaregistroval
2023-04-12 10:03:50,898 INFO [login] uzivatel: b se pøihlásil
2023-04-12 10:03:56,187 INFO [Start_insert] uzivatel: 13 insert
2023-04-12 10:04:03,648 INFO [Data_handeler] vložení x 1 dokonèeno 
2023-04-12 10:04:09,046 INFO [start insert ] 13 insert
2023-04-12 10:04:22,299 INFO [Data_handeler] vložení x 2 dokonèeno 
2023-04-12 10:04:44,422 INFO [uzivatel] 13exit
2023-04-12 10:09:27,012 INFO [login] uzivatel:  se pøihlásil
2023-04-12 10:09:29,732 INFO [Start_insert] uzivatel: 11 insert
2023-04-12 10:10:04,636 INFO [login] uzivatel:  se pøihlásil
2023-04-12 10:11:44,339 INFO [login] uzivatel:  se pøihlásil
2023-04-12 10:12:59,236 INFO [login] uzivatel: a se pøihlásil
2023-04-12 10:13:37,564 INFO [login] uzivatel:  se pøihlásil
2023-04-12 10:15:13,002 INFO [login] uzivatel:  se pøihlásil
2023-04-12 10:16:06,051 INFO [login] uzivatel: a se pøihlásil
2023-04-12 10:17:10,749 INFO [login] uzivatel: a se pøihlásil
2023-04-12 10:17:58,653 INFO [login] uzivatel:  se pøihlásil
2023-04-12 10:18:11,465 INFO [login] uzivatel: a se pøihlásil
2023-04-12 10:18:46,718 INFO [login] uzivatel:  se pøihlásil
2023-04-12 10:19:08,707 INFO [login] uzivatel: a se pøihlásil
2023-04-12 10:20:53,192 INFO [login] uzivatel: a se pøihlásil
2023-04-12 10:21:10,055 INFO [login] uzivatel: a se pøihlásil
2023-04-12 10:21:55,450 INFO [Start_insert] uzivatel: 5 insert
2023-04-12 10:22:18,424 INFO [login] uzivatel: a se pøihlásil
2023-04-12 10:22:20,517 INFO [Start_insert] uzivatel: 5 insert
2023-04-12 10:32:25,741 INFO [login] uzivatel:  se pøihlásil
2023-04-12 10:35:59,311 INFO [login] uzivatel: a se pøihlásil
2023-04-12 10:40:34,667 INFO [login] uzivatel: a se pøihlásil
2023-04-12 10:41:25,180 INFO [login] uzivatel: a se pøihlásil
2023-04-16 13:22:01,617 INFO [login] uzivatel: a se pøihlásil
2023-04-16 13:26:44,876 INFO [Data_handeler] Zaèala nová registrace 
2023-04-16 13:26:44,887 INFO [Data_handeler] registrace úspìšnì dokonèena
2023-04-16 13:26:44,888 INFO [uzivatel  ] a se zaregistroval
2023-04-16 13:34:57,075 INFO [login] uzivatel: a se pøihlásil
2023-04-16 13:35:03,764 INFO [login] uzivatel: a se pøihlásil
2023-04-16 13:37:39,624 INFO [login] uzivatel: a se pøihlásil
2023-04-16 13:40:19,688 INFO [login] uzivatel:  se pøihlásil
2023-04-16 13:40:27,026 INFO [login] uzivatel:  se pøihlásil
2023-04-16 13:45:20,599 INFO [login] uzivatel: a se pøihlásil
2023-04-16 13:46:02,921 INFO [login] uzivatel:  se pøihlásil
2023-04-16 13:46:30,599 INFO [login] uzivatel:  se pøihlásil
2023-04-16 13:47:04,360 INFO [login] uzivatel:  se pøihlásil
2023-04-16 13:50:34,845 INFO [login] uzivatel:  se pøihlásil
2023-04-16 13:50:37,054 INFO [Start_insert] uzivatel: 11 insert
2023-04-16 13:52:45,215 INFO [Data_handeler] vložení x 1 dokonèeno 
2023-04-16 14:19:28,642 WARNING [Data_handeler] nedokonèeno z dùvodu chyby
2023-04-16 14:19:28,644 INFO [Data_handeler] Zaèala nová registrace 
2023-04-16 14:19:28,646 INFO [Data_handeler] registrace úspìšnì dokonèena
2023-04-16 14:19:41,293 WARNING [Data_handeler] vložení x 2 nedokonèeno z dùvodu chyby
2023-04-16 14:19:50,747 WARNING [Data_handeler] nedokonèeno z dùvodu chyby
2023-04-16 14:19:50,750 INFO [Data_handeler] Zaèala nová registrace 
2023-04-16 14:19:50,752 INFO [Data_handeler] registrace úspìšnì dokonèena
2023-04-16 14:30:13,242 WARNING [Data_handeler] nedokonèeno z dùvodu chyby
2023-04-16 14:30:13,245 INFO [Data_handeler] Zaèala nová registrace 
2023-04-16 14:30:13,247 INFO [Data_handeler] registrace úspìšnì dokonèena
2023-04-16 14:35:06,681 INFO [login] uzivatel:  se pøihlásil
2023-04-16 14:35:18,913 INFO [login] uzivatel: a se pøihlásil
2023-04-16 15:37:30,767 WARNING [Data_handeler] nedokonèeno z dùvodu chyby
2023-04-16 15:37:30,770 INFO [Data_handeler] Zaèala nová registrace 
2023-04-16 15:37:30,772 INFO [Data_handeler] registrace úspìšnì dokonèena
2023-04-16 15:44:20,954 INFO [login] uzivatel: test se pøihlásil
2023-04-16 15:44:22,887 INFO [Start_insert] uzivatel: 3 insert
2023-04-16 15:46:14,079 INFO [Data_handeler] vložení x 1 dokonèeno 
2023-04-16 15:51:25,702 WARNING [Data_handeler] nedokonèeno z dùvodu chyby
2023-04-16 15:51:25,709 INFO [Data_handeler] Zaèala nová registrace 
2023-04-16 15:51:25,711 INFO [Data_handeler] registrace úspìšnì dokonèena
2023-04-16 15:52:04,821 INFO [login] uzivatel: a se pøihlásil
2023-04-16 16:12:57,215 INFO [login] uzivatel: a se pøihlásil
2023-04-16 16:16:36,837 INFO [login] uzivatel: a se pøihlásil
2023-04-16 16:17:42,145 INFO [login] uzivatel: a se pøihlásil
2023-04-16 16:18:07,248 INFO [login] uzivatel: a se pøihlásil
2023-04-16 16:18:46,885 INFO [login] uzivatel: a se pøihlásil
2023-04-16 16:19:21,041 INFO [Start_insert] uzivatel: 1 insert
2023-04-16 16:19:38,894 INFO [Data_handeler] vložení x 1 dokonèeno 
2023-04-16 16:19:48,971 INFO [Data_handeler] vložení x 1 dokonèeno 
2023-04-16 16:20:00,042 INFO [Data_handeler] vložení x 1 dokonèeno 
2023-04-16 16:20:20,070 INFO [Start_insert] uzivatel: 1 insert
2023-04-16 16:20:34,566 INFO [Data_handeler] vložení x 1 dokonèeno 
2023-04-16 16:20:40,357 INFO [Data_handeler] vložení x 1 dokonèeno 
2023-04-16 16:26:14,469 INFO [login] uzivatel: a se pokusil pøihlásit ale nepodaøilo se 
2023-04-16 16:26:15,810 INFO [login] uzivatel: a se pøihlásil
2023-04-16 16:30:42,628 INFO [login] uzivatel: a se pøihlásil
2023-04-16 16:30:49,128 INFO [Start_insert] uzivatel: 1 insert
2023-04-16 16:31:04,442 INFO [Data_handeler] vložení x 1 dokonèeno 
2023-04-16 16:32:05,807 INFO [login] uzivatel: a se pøihlásil
2023-04-16 16:32:42,334 INFO [login] uzivatel: a se pøihlásil
2023-04-16 16:32:59,307 INFO [login] uzivatel: a se pøihlásil
2023-04-16 16:35:54,172 INFO [login] uzivatel: a se pøihlásil
2023-04-16 16:36:21,955 INFO [login] uzivatel: a se pøihlásil
2023-04-16 16:37:07,588 INFO [login] uzivatel: a se pøihlásil
2023-04-16 16:39:26,934 INFO [login] uzivatel: a se pøihlásil
2023-04-16 16:39:50,343 INFO [login] uzivatel: a se pøihlásil
2023-04-16 16:41:14,308 INFO [login] uzivatel: a se pøihlásil
2023-04-16 16:42:53,578 INFO [login] uzivatel: a se pøihlásil
2023-04-16 16:44:16,619 INFO [login] uzivatel: a se pøihlásil
2023-04-16 16:54:46,564 INFO [login] uzivatel: test se pøihlásil
2023-04-16 16:56:37,524 INFO [login] uzivatel: a se pøihlásil
2023-04-16 16:56:45,661 INFO [Data_handeler] vložení x 1 dokonèeno 
2023-04-16 16:58:40,482 INFO [login] uzivatel: a se pøihlásil
2023-04-16 16:58:56,872 INFO [Data_handeler] vložení x 1 dokonèeno 
2023-04-16 16:59:36,110 INFO [login] uzivatel: a se pøihlásil
2023-04-16 16:59:48,456 INFO [Data_handeler] vložení x 1 dokonèeno 
2023-04-16 17:00:26,642 INFO [login] uzivatel: a se pøihlásil
2023-04-16 17:00:34,403 INFO [Data_handeler] vložení x 1 dokonèeno 
2023-04-16 17:00:48,737 INFO [Data_handeler] vložení x 1 dokonèeno 
2023-04-16 17:01:11,687 INFO [login] uzivatel: a se pøihlásil
2023-04-16 17:01:23,275 INFO [Data_handeler] vložení x 1 dokonèeno 
2023-04-16 17:01:29,669 INFO [Data_handeler] vložení x 1 dokonèeno 
2023-04-16 17:05:44,727 INFO [login] uzivatel: a se pøihlásil
2023-04-16 17:06:44,349 INFO [login] uzivatel: a se pøihlásil
2023-04-16 17:39:30,128 INFO [login] uzivatel: a se pøihlásil
2023-04-16 17:39:32,876 INFO [Start_insert] uzivatel: 1 insert
2023-04-16 17:39:43,762 INFO [Data_handeler] vložení x 1 dokonèeno 
2023-04-16 17:43:36,934 INFO [login] uzivatel: a se pøihlásil
2023-04-16 17:43:48,267 INFO [login] uzivatel: a se pøihlásil
2023-04-16 17:43:58,066 INFO [start insert ] 1 insert
2023-04-16 17:44:19,710 INFO [Data_handeler] vložení x 2 dokonèeno 
2023-04-16 17:44:20,775 INFO [uzivatel] 1exit
2023-04-16 17:45:47,278 INFO [Data_handeler] vložení x 1 dokonèeno 
2023-04-16 17:49:15,659 INFO [login] uzivatel: a se pøihlásil
2023-04-16 17:49:49,568 INFO [Data_handeler] vložení x 1 dokonèeno 
2023-04-16 17:50:40,906 INFO [login] uzivatel: a se pøihlásil
2023-04-16 17:52:11,949 INFO [login] uzivatel: a se pøihlásil
2023-04-16 17:53:04,201 INFO [login] uzivatel: a se pøihlásil
2023-04-16 17:53:17,037 INFO [login] uzivatel: a se pøihlásil
2023-04-16 17:53:31,575 INFO [login] uzivatel: a se pøihlásil
2023-04-16 17:59:14,223 INFO [login] uzivatel: a se pøihlásil
2023-04-16 18:00:09,332 INFO [login] uzivatel: a se pøihlásil
2023-04-16 18:09:33,539 INFO [login] uzivatel: a se pøihlásil
2023-04-16 18:09:35,045 INFO [Start_insert] uzivatel: 1 insert
2023-04-16 18:09:50,838 INFO [login] uzivatel: a se pøihlásil
2023-04-16 18:09:55,234 INFO [Start_insert] uzivatel: 1 insert
2023-04-16 18:17:44,417 INFO [login] uzivatel: a se pøihlásil
2023-04-16 18:18:11,373 INFO [login] uzivatel: a se pøihlásil
2023-04-16 18:18:36,144 INFO [login] uzivatel: a se pøihlásil
2023-04-16 18:19:17,526 INFO [login] uzivatel: a se pøihlásil
2023-04-16 18:19:22,010 INFO [login] uzivatel: a se pøihlásil
2023-04-16 18:19:58,894 INFO [login] uzivatel: a se pøihlásil
2023-04-16 18:20:09,710 INFO [login] uzivatel: a se pøihlásil
2023-04-16 18:20:19,609 INFO [login] uzivatel: a se pøihlásil
2023-04-16 18:20:23,878 INFO [login] uzivatel: a se pøihlásil
2023-04-16 18:24:22,218 INFO [login] uzivatel: a se pøihlásil
2023-04-16 18:25:59,740 INFO [login] uzivatel: a se pøihlásil
2023-04-16 18:26:49,840 INFO [login] uzivatel: a se pøihlásil
2023-04-16 18:27:12,348 INFO [login] uzivatel: a se pøihlásil
2023-04-16 18:28:11,862 INFO [login] uzivatel: a se pøihlásil
2023-04-16 18:28:28,615 INFO [login] uzivatel: a se pøihlásil
2023-04-16 18:30:24,998 INFO [login] uzivatel: a se pøihlásil
2023-04-16 18:57:12,603 INFO [login] uzivatel: a se pøihlásil
2023-04-16 19:09:19,049 INFO [login] uzivatel: a se pøihlásil
2023-04-16 19:12:21,862 INFO [login] uzivatel: a se pøihlásil
2023-04-16 19:13:57,553 INFO [login] uzivatel: a se pøihlásil
2023-04-16 19:16:39,671 INFO [login] uzivatel: a se pøihlásil
2023-04-16 19:18:46,347 INFO [login] uzivatel: a se pøihlásil
2023-04-16 19:21:15,077 INFO [login] uzivatel: a se pøihlásil
2023-04-16 19:25:39,252 INFO [login] uzivatel: a se pøihlásil
2023-04-16 19:26:12,329 INFO [login] uzivatel: a se pøihlásil
2023-04-16 19:27:05,473 INFO [login] uzivatel: a se pøihlásil
2023-04-16 19:29:25,103 INFO [login] uzivatel: a se pøihlásil
2023-04-16 19:29:45,400 INFO [login] uzivatel: a se pøihlásil
2023-04-16 19:30:30,231 INFO [login] uzivatel: a se pøihlásil
2023-04-16 19:30:45,492 INFO [login] uzivatel: a se pøihlásil
2023-04-16 19:36:57,863 INFO [login] uzivatel: a se pøihlásil
2023-04-16 19:37:32,273 INFO [login] uzivatel: a se pøihlásil
2023-04-16 19:37:51,307 INFO [login] uzivatel: a se pøihlásil
2023-04-16 19:45:46,479 INFO [login] uzivatel: a se pøihlásil
2023-04-16 21:13:08,970 INFO [login] uzivatel: a se pøihlásil
2023-04-16 21:14:51,459 INFO [login] uzivatel: a se pøihlásil
2023-04-16 21:16:48,154 INFO [login] uzivatel: a se pøihlásil
2023-04-16 21:19:07,804 INFO [login] uzivatel: a se pøihlásil
2023-04-17 10:07:09,573 INFO [login] uzivatel: a se pøihlásil
2023-04-17 10:07:43,462 INFO [login] uzivatel: a se pøihlásil
2023-04-17 10:07:59,554 INFO [Start_insert] uzivatel: 1 insert
2023-04-17 10:09:30,659 INFO [login] uzivatel: a se pøihlásil
2023-04-17 10:09:32,872 INFO [start insert ] 1 insert
2023-04-17 10:09:44,627 INFO [Data_handeler] vložení x 2 dokonèeno 
2023-04-17 10:09:47,400 INFO [uzivatel] 1exit
2023-04-17 11:21:24,888 INFO [login] uzivatel: a se pøihlásil
2023-04-17 11:23:53,048 INFO [login] uzivatel: a se pøihlásil
2023-04-17 11:28:52,024 INFO [login] uzivatel: a se pøihlásil
2023-04-17 11:32:44,070 INFO [login] uzivatel: a se pøihlásil
2023-04-17 11:45:54,870 INFO [login] uzivatel: a se pøihlásil
2023-04-17 11:51:50,803 INFO [login] uzivatel: a se pøihlásil
2023-04-17 11:51:54,043 INFO [start insert ] 1 insert
2023-04-17 11:52:11,743 INFO [Data_handeler] vložení x 2 dokonèeno 
2023-04-17 11:52:13,651 INFO [uzivatel] 1exit
2023-04-17 11:52:24,488 INFO [start insert ] 1 insert
2023-04-17 12:02:29,393 INFO [login] uzivatel: a se pøihlásil
2023-04-17 12:02:46,606 INFO [login] uzivatel: a se pøihlásil
2023-04-17 12:03:09,995 INFO [login] uzivatel: a se pøihlásil
2023-04-17 12:03:28,957 INFO [start insert ] 1 insert
2023-04-17 12:03:48,447 INFO [Data_handeler] vložení x 2 dokonèeno 
2023-04-17 12:04:02,986 INFO [uzivatel] 1exit
2023-04-17 12:30:40,647 INFO [login] uzivatel: a se pøihlásil
2023-04-17 12:31:33,553 INFO [login] uzivatel: a se pøihlásil
2023-04-17 12:32:10,486 INFO [login] uzivatel: a se pøihlásil
2023-04-17 12:34:52,457 INFO [login] uzivatel: a se pøihlásil
2023-04-17 12:38:33,860 INFO [login] uzivatel: a se pøihlásil
2023-04-17 12:40:26,790 INFO [login] uzivatel: a se pøihlásil
2023-04-17 12:42:45,252 INFO [login] uzivatel: a se pøihlásil
2023-04-17 12:44:04,137 INFO [login] uzivatel: a se pøihlásil
2023-04-17 12:47:23,334 INFO [login] uzivatel: a se pøihlásil
2023-04-17 12:48:08,872 INFO [login] uzivatel: a se pøihlásil
2023-04-17 12:49:20,032 INFO [login] uzivatel: a se pøihlásil
2023-04-17 12:50:02,014 INFO [login] uzivatel: a se pøihlásil
2023-04-17 12:50:32,213 INFO [login] uzivatel: a se pøihlásil
2023-04-17 12:51:00,778 INFO [login] uzivatel: a se pøihlásil
2023-04-17 12:53:19,607 INFO [login] uzivatel: a se pøihlásil
2023-04-17 12:53:45,120 INFO [login] uzivatel: a se pøihlásil
2023-04-17 12:54:12,452 INFO [login] uzivatel: a se pøihlásil
2023-04-17 12:54:29,701 INFO [login] uzivatel: a se pøihlásil
2023-04-17 12:57:14,570 INFO [login] uzivatel: a se pøihlásil
2023-04-17 13:00:56,659 INFO [login] uzivatel: a se pøihlásil
2023-04-17 13:05:15,173 INFO [login] uzivatel: a se pøihlásil
2023-04-17 13:07:59,713 INFO [login] uzivatel: a se pøihlásil
2023-04-17 13:09:07,286 INFO [login] uzivatel: a se pøihlásil
2023-04-17 13:11:53,332 INFO [login] uzivatel: a se pøihlásil
2023-04-17 13:13:55,338 INFO [login] uzivatel: a se pøihlásil
2023-04-17 13:15:30,029 INFO [login] uzivatel: a se pøihlásil
2023-04-17 13:28:26,820 INFO [login] uzivatel: a se pøihlásil
2023-04-17 13:30:50,426 INFO [login] uzivatel: a se pøihlásil
2023-04-17 13:33:32,772 INFO [login] uzivatel: a se pøihlásil
2023-04-17 13:35:08,280 INFO [login] uzivatel: a se pøihlásil
2023-04-17 13:40:04,737 INFO [login] uzivatel: a se pøihlásil
2023-04-17 13:41:01,857 INFO [login] uzivatel: a se pøihlásil
2023-04-17 13:42:07,472 INFO [login] uzivatel: a se pøihlásil
2023-04-17 20:09:34,519 INFO [login] uzivatel: a se pøihlásil
2023-04-17 20:12:10,063 INFO [login] uzivatel: a se pøihlásil
2023-04-17 20:17:19,069 INFO [login] uzivatel: a se pøihlásil
2023-04-17 20:20:07,115 INFO [login] uzivatel: a se pøihlásil
2023-04-17 20:20:08,544 INFO [Start_insert] uzivatel: 1 insert
2023-04-17 20:20:30,006 INFO [Data_handeler] vložení x 1 dokonèeno 
2023-04-17 20:22:37,347 INFO [login] uzivatel: a se pøihlásil
2023-04-17 20:22:47,617 INFO [login] uzivatel: a se pøihlásil
2023-04-17 20:22:50,457 INFO [Start_insert] uzivatel: 1 insert
2023-04-17 20:23:55,826 INFO [login] uzivatel: a se pøihlásil
2023-04-17 20:24:00,323 INFO [login] uzivatel: a se pøihlásil
2023-04-17 20:24:08,890 INFO [login] uzivatel: a se pøihlásil
2023-04-17 20:24:11,403 INFO [Start_insert] uzivatel: 1 insert
2023-04-17 20:26:30,429 INFO [login] uzivatel: a se pøihlásil
2023-04-17 20:26:42,782 INFO [Start_insert] uzivatel: 1 insert
2023-04-17 20:28:39,359 INFO [login] uzivatel: a se pøihlásil
2023-04-17 20:43:00,400 INFO [login] uzivatel: a se pøihlásil
2023-04-17 20:46:05,948 INFO [login] uzivatel: a se pøihlásil
2023-04-17 20:50:37,810 INFO [login] uzivatel: a se pøihlásil
2023-04-17 20:50:59,810 INFO [login] uzivatel: a se pøihlásil
2023-04-18 09:48:30,461 INFO [login] uzivatel: a se pøihlásil
2023-04-18 09:48:32,742 INFO [Start_insert] uzivatel: 1 insert
2023-04-18 09:49:08,778 INFO [login] uzivatel: a se pøihlásil
2023-04-18 09:49:22,001 INFO [start insert ] 1 insert
2023-04-18 09:49:24,156 INFO [uzivatel] 1exit
2023-04-18 10:00:46,882 INFO [login] uzivatel: a se pøihlásil
2023-04-18 10:25:44,060 INFO [login] uzivatel: a se pøihlásil
2023-04-18 10:26:35,861 INFO [login] uzivatel: a se pøihlásil
2023-04-18 10:29:30,535 INFO [login] uzivatel: a se pøihlásil
2023-04-18 10:35:12,787 INFO [login] uzivatel: a se pøihlásil
2023-04-18 11:21:10,716 INFO [login] uzivatel: a se pøihlásil
2023-04-18 13:23:23,314 WARNING [Data_handeler] Chyba pøi vkládání do databáze: 1452 (23000): Cannot add or update a child row: a foreign key constraint fails (`secret`.`secret_data`, CONSTRAINT `secret_data_ibfk_1` FOREIGN KEY (`f_uzivatel`) REFERENCES `uzivatel` (`id`))
2023-04-18 13:23:23,317 INFO [Data_handeler] Zaèala nová registrace 
2023-04-18 13:23:23,319 INFO [Data_handeler] registrace úspìšnì dokonèena
2023-04-18 13:23:58,394 WARNING [Data_handeler] Chyba pøi vkládání do databáze: 1452 (23000): Cannot add or update a child row: a foreign key constraint fails (`secret`.`secret_data`, CONSTRAINT `secret_data_ibfk_1` FOREIGN KEY (`f_uzivatel`) REFERENCES `uzivatel` (`id`))
2023-04-18 13:23:58,397 INFO [Data_handeler] Zaèala nová registrace 
2023-04-18 13:23:58,399 INFO [Data_handeler] registrace úspìšnì dokonèena
2023-04-18 13:35:38,288 INFO [login] uzivatel: a se pøihlásil
2023-04-18 13:39:23,080 WARNING [Data_handeler] Chyba pøi vkládání do databáze: 1452 (23000): Cannot add or update a child row: a foreign key constraint fails (`secret`.`secret_data`, CONSTRAINT `secret_data_ibfk_1` FOREIGN KEY (`f_uzivatel`) REFERENCES `uzivatel` (`id`))
2023-04-18 13:39:23,084 INFO [Data_handeler] Zaèala nová registrace 
2023-04-18 13:39:23,086 INFO [Data_handeler] registrace úspìšnì dokonèena
2023-04-18 13:41:19,942 WARNING [Data_handeler] Chyba pøi vkládání do databáze: 1452 (23000): Cannot add or update a child row: a foreign key constraint fails (`secret`.`secret_data`, CONSTRAINT `secret_data_ibfk_1` FOREIGN KEY (`f_uzivatel`) REFERENCES `uzivatel` (`id`))
2023-04-18 13:41:19,946 INFO [Data_handeler] Zaèala nová registrace 
2023-04-18 13:41:19,948 INFO [Data_handeler] registrace úspìšnì dokonèena
2023-04-18 13:47:42,021 WARNING [Data_handeler] Chyba pøi vkládání do databáze: 1452 (23000): Cannot add or update a child row: a foreign key constraint fails (`secret`.`secret_data`, CONSTRAINT `secret_data_ibfk_1` FOREIGN KEY (`f_uzivatel`) REFERENCES `uzivatel` (`id`))
2023-04-18 13:47:42,026 INFO [Data_handeler] Zaèala nová registrace 
2023-04-18 13:47:42,028 INFO [Data_handeler] registrace úspìšnì dokonèena
2023-04-18 13:48:33,179 WARNING [Data_handeler] Chyba pøi vkládání do databáze: 1452 (23000): Cannot add or update a child row: a foreign key constraint fails (`secret`.`secret_data`, CONSTRAINT `secret_data_ibfk_1` FOREIGN KEY (`f_uzivatel`) REFERENCES `uzivatel` (`id`))
2023-04-18 13:48:33,188 INFO [Data_handeler] Zaèala nová registrace 
2023-04-18 13:48:33,203 INFO [Data_handeler] registrace úspìšnì dokonèena
2023-04-20 19:01:33,662 INFO [login] uzivatel: a se pøihlásil
2023-04-20 19:13:24,677 INFO [login] uzivatel: a se pøihlásil
2023-04-20 19:13:26,992 INFO [start insert ] 1 insert
2023-04-20 19:13:42,690 INFO [Data_handeler] vložení x 2 dokonèeno 
2023-04-20 19:13:44,493 INFO [uzivatel] 1exit
2023-04-20 19:14:45,539 INFO [login] uzivatel: a se pøihlásil
2023-04-20 19:16:36,165 INFO [login] uzivatel: a se pøihlásil
2023-04-20 19:19:10,975 INFO [login] uzivatel: a se pøihlásil
2023-04-20 19:26:54,266 INFO [login] uzivatel: a se pøihlásil
2023-04-20 19:36:18,935 INFO [login] uzivatel: a se pøihlásil
2023-04-20 19:37:28,960 INFO [login] uzivatel: a se pøihlásil
2023-04-20 19:38:30,463 INFO [login] uzivatel: a se pøihlásil
2023-04-20 19:39:32,765 INFO [login] uzivatel: a se pøihlásil
2023-04-20 19:39:49,507 INFO [login] uzivatel: a se pøihlásil
2023-04-20 20:54:42,706 INFO [login] uzivatel: a se pøihlásil
2023-04-20 21:05:44,595 INFO [login] uzivatel: a se pøihlásil
2023-04-20 21:05:48,310 INFO [Start_insert] uzivatel: 1 insert
2023-04-20 21:06:01,418 INFO [Data_handeler] vložení x 1 dokonèeno 
2023-04-20 21:06:04,862 INFO [Data_handeler] vložení x 1 dokonèeno 
2023-04-20 21:06:18,160 INFO [login] uzivatel: a se pøihlásil
2023-04-20 21:06:19,952 INFO [Start_insert] uzivatel: 1 insert
2023-04-20 21:06:24,475 INFO [Data_handeler] vložení x 1 dokonèeno 
2023-04-20 21:06:31,792 INFO [Data_handeler] vložení x 1 dokonèeno 
2023-04-20 21:09:33,273 INFO [login] uzivatel: a se pøihlásil
2023-04-20 21:09:34,841 INFO [Start_insert] uzivatel: 1 insert
2023-04-20 21:09:42,256 INFO [Data_handeler] vložení x 1 dokonèeno 
2023-04-20 21:11:23,319 INFO [login] uzivatel: a se pøihlásil
2023-04-20 21:11:25,015 INFO [Start_insert] uzivatel: 1 insert
2023-04-20 21:11:29,624 INFO [Data_handeler] vložení x 1 dokonèeno 
2023-04-20 21:11:37,205 INFO [Data_handeler] vložení x 1 dokonèeno 
2023-04-20 21:11:42,149 INFO [Data_handeler] vložení x 1 dokonèeno 
2023-04-20 21:11:44,263 INFO [Data_handeler] vložení x 1 dokonèeno 
2023-04-20 21:11:47,650 INFO [Data_handeler] vložení x 1 dokonèeno 
2023-04-20 21:15:24,739 INFO [login] uzivatel: a se pøihlásil
2023-04-20 21:15:44,330 INFO [login] uzivatel: a se pøihlásil
2023-04-20 21:15:50,258 INFO [login] uzivatel: a se pøihlásil
2023-04-20 21:15:56,081 INFO [login] uzivatel: a se pøihlásil
2023-04-20 21:16:41,410 INFO [login] uzivatel: a se pøihlásil
2023-04-20 21:19:27,433 INFO [login] uzivatel: a se pøihlásil
2023-04-20 21:19:43,537 INFO [slovnik] pridano slovo opas pøekladem jirka
2023-04-20 21:22:46,813 INFO [login] uzivatel: a se pøihlásil
2023-04-20 21:22:58,492 INFO [slovnik] pridano slovo opas pøekladem sirk
2023-04-20 21:47:25,003 INFO [login] uzivatel: a se pøihlásil
2023-04-20 21:48:33,839 INFO [login] uzivatel: a se pøihlásil
2023-04-20 21:49:58,670 INFO [login] uzivatel: a se pøihlásil
2023-04-20 21:50:18,049 INFO [login] uzivatel: a se pøihlásil
2023-04-20 21:51:08,349 INFO [login] uzivatel: a se pøihlásil
2023-04-20 21:51:57,609 INFO [login] uzivatel: a se pøihlásil
2023-04-20 21:52:23,417 INFO [login] uzivatel: a se pøihlásil
2023-04-21 12:30:17,557 INFO [login] uzivatel: a se pøihlásil
2023-04-21 12:30:20,260 INFO [Start_insert] uzivatel: 1 insert
2023-04-21 12:30:41,375 INFO [Data_handeler] vložení x 1 dokonèeno 
2023-04-21 12:30:44,611 INFO [start insert ] 1 insert
2023-04-21 12:31:11,804 INFO [Data_handeler] vložení x 2 dokonèeno 
2023-04-21 12:31:14,751 INFO [uzivatel] 1exit
2023-04-21 12:32:49,968 INFO [login] uzivatel: a se pøihlásil
2023-04-21 12:33:37,345 INFO [Start_insert] uzivatel: 1 insert
